<?xml version="1.0" encoding="UTF-8"?>
<!-- Generated by org.testng.reporters.JUnitXMLReporter -->
<testsuite hostname="DESKTOP-QKI5LTU" ignored="2" name="Default test(failed)" tests="1" failures="1" timestamp="2020-07-02T14:30:35 IST" time="0.072" errors="0">
  <testcase name="launch" time="0.023" classname="org.tng.Testng5">
    <failure type="java.lang.AssertionError" message="expected [true] but found [false]">
      <![CDATA[java.lang.AssertionError: expected [true] but found [false]
at org.tng.Testng5.launch(Testng5.java:10)
at java.util.ArrayList.forEach(Unknown Source)
... Removed 31 stack frames]]>
    </failure>
  </testcase> <!-- launch -->
  <testcase name="cancel" time="0.0" classname="org.tng.Testng5">
    <ignored/>
  </testcase> <!-- cancel -->
  <testcase name="payment" time="0.0" classname="org.tng.Testng5">
    <ignored/>
  </testcase> <!-- payment -->
</testsuite> <!-- Default test(failed) -->
