<?xml version="1.0" encoding="UTF-8"?>
<!-- Generated by org.testng.reporters.JUnitXMLReporter -->
<testsuite hostname="DESKTOP-QKI5LTU" ignored="0" name="Test1" tests="13" failures="1" timestamp="2020-07-02T15:29:47 IST" time="0.172" errors="0">
  <testcase name="cancel" time="0.014" classname="org.tng.Testng5"/>
  <testcase name="launch" time="0.007" classname="org.tng.Testng5">
    <skipped/>
  </testcase> <!-- launch -->
  <testcase name="launch" time="0.001" classname="org.tng.Testng5">
    <skipped/>
  </testcase> <!-- launch -->
  <testcase name="launch" time="0.002" classname="org.tng.Testng5">
    <skipped/>
  </testcase> <!-- launch -->
  <testcase name="launch" time="0.002" classname="org.tng.Testng5">
    <skipped/>
  </testcase> <!-- launch -->
  <testcase name="launch" time="0.002" classname="org.tng.Testng5">
    <skipped/>
  </testcase> <!-- launch -->
  <testcase name="launch" time="0.003" classname="org.tng.Testng5">
    <skipped/>
  </testcase> <!-- launch -->
  <testcase name="launch" time="0.002" classname="org.tng.Testng5">
    <skipped/>
  </testcase> <!-- launch -->
  <testcase name="launch" time="0.002" classname="org.tng.Testng5">
    <skipped/>
  </testcase> <!-- launch -->
  <testcase name="launch" time="0.002" classname="org.tng.Testng5">
    <skipped/>
  </testcase> <!-- launch -->
  <testcase name="launch" time="0.003" classname="org.tng.Testng5">
    <skipped/>
  </testcase> <!-- launch -->
  <testcase name="launch" time="0.002" classname="org.tng.Testng5">
    <failure type="java.lang.AssertionError" message="expected [true] but found [false]">
      <![CDATA[java.lang.AssertionError: expected [true] but found [false]
at org.tng.Testng5.launch(Testng5.java:11)
at java.util.ArrayList.forEach(Unknown Source)
... Removed 31 stack frames]]>
    </failure>
  </testcase> <!-- launch -->
  <testcase name="payment" time="0.002" classname="org.tng.Testng5"/>
</testsuite> <!-- Test1 -->
