<?xml version="1.0" encoding="UTF-8"?>
<!-- Generated by org.testng.reporters.JUnitXMLReporter -->
<testsuite hostname="DESKTOP-QKI5LTU" ignored="0" name="Test3" tests="1" failures="1" timestamp="2020-07-01T18:29:45 IST" time="3.86" errors="0">
  <testcase name="brows" time="3.852" classname="org.tng.Testng4">
    <failure type="java.lang.AssertionError" message="expected [true] but found [false]">
      <![CDATA[java.lang.AssertionError: expected [true] but found [false]
at org.tng.Testng4.brows(Testng4.java:32)
at java.util.ArrayList.forEach(Unknown Source)
... Removed 31 stack frames]]>
    </failure>
  </testcase> <!-- brows -->
</testsuite> <!-- Test3 -->
