<?xml version="1.0" encoding="UTF-8"?>
<testng-results skipped="0" failed="0" ignored="0" total="1" passed="1">
  <reporter-output>
  </reporter-output>
  <suite name="Default suite" duration-ms="29279" started-at="2020-07-09T15:19:12 IST" finished-at="2020-07-09T15:19:41 IST">
    <groups>
    </groups>
    <test name="Default test" duration-ms="29279" started-at="2020-07-09T15:19:12 IST" finished-at="2020-07-09T15:19:41 IST">
      <class name="org.tng.Testngtask3">
        <test-method status="PASS" signature="webpage()[pri:0, instance:org.tng.Testngtask3@49fc609f]" name="webpage" duration-ms="29221" started-at="2020-07-09T15:19:12 IST" finished-at="2020-07-09T15:19:41 IST">
          <reporter-output>
          </reporter-output>
        </test-method> <!-- webpage -->
      </class> <!-- org.tng.Testngtask3 -->
    </test> <!-- Default test -->
  </suite> <!-- Default suite -->
</testng-results>
